#
# There is insufficient memory for the Java Runtime Environment to continue.
# Native memory allocation (mmap) failed to map 268435456 bytes for G1 virtual space
# Possible reasons:
#   The system is out of physical RAM or swap space
#   The process is running with CompressedOops enabled, and the Java Heap may be blocking the growth of the native heap
# Possible solutions:
#   Reduce memory load on the system
#   Increase physical memory or swap space
#   Check if swap backing store is full
#   Decrease Java heap size (-Xmx/-Xms)
#   Decrease number of Java threads
#   Decrease Java thread stack sizes (-Xss)
#   Set larger code cache with -XX:ReservedCodeCacheSize=
#   JVM is running with Zero Based Compressed Oops mode in which the Java heap is
#     placed in the first 32GB address space. The Java Heap base address is the
#     maximum limit for the native heap growth. Please use -XX:HeapBaseMinAddress
#     to set the Java Heap base and to place the Java Heap above 32GB virtual address.
# This output file may be truncated or incomplete.
#
#  Out of Memory Error (os_windows.cpp:3617), pid=7396, tid=23604
#
# JRE version:  (17.0.8.1+1) (build )
# Java VM: OpenJDK 64-Bit Server VM (17.0.8.1+1, mixed mode, sharing, tiered, compressed oops, compressed class ptrs, g1 gc, windows-amd64)
# No core dump will be written. Minidumps are not enabled by default on client versions of Windows
#

---------------  S U M M A R Y ------------

Command Line: -Dfile.encoding=UTF-8 -XX:+ShowCodeDetailsInExceptionMessages conta.Menu

Host: AMD Ryzen 7 5800X3D 8-Core Processor           , 16 cores, 15G,  Windows 10 , 64 bit Build 19041 (10.0.19041.3636)
Time: Sat Feb 24 01:31:10 2024 Hora oficial do Brasil elapsed time: 0.005335 seconds (0d 0h 0m 0s)

---------------  T H R E A D  ---------------

Current thread (0x0000021a8a2602e0):  JavaThread "Unknown thread" [_thread_in_vm, id=23604, stack(0x00000059e9800000,0x00000059e9900000)]

Stack: [0x00000059e9800000,0x00000059e9900000]
Native frames: (J=compiled Java code, j=interpreted, Vv=VM code, C=native code)
V  [jvm.dll+0x678b0a]
V  [jvm.dll+0x835e84]
V  [jvm.dll+0x83762e]
V  [jvm.dll+0x837c93]
V  [jvm.dll+0x24746f]
V  [jvm.dll+0x675859]
V  [jvm.dll+0x66a0ea]
V  [jvm.dll+0x306c7b]
V  [jvm.dll+0x30e166]
V  [jvm.dll+0x35dd3e]
V  [jvm.dll+0x35df6f]
V  [jvm.dll+0x2ddb48]
V  [jvm.dll+0x2deab4]
V  [jvm.dll+0x807f31]
V  [jvm.dll+0x36bb21]
V  [jvm.dll+0x7e733c]
V  [jvm.dll+0x3ee4af]
V  [jvm.dll+0x3f00c1]
C  [jli.dll+0x528b]
C  [ucrtbase.dll+0x21bb2]
C  [KERNEL32.DLL+0x17344]
C  [ntdll.dll+0x526b1]


---------------  P R O C E S S  ---------------

Threads class SMR info:
_java_thread_list=0x00007ffaf8d4a018, length=0, elements={
}

Java Threads: ( => current thread )

Other Threads:
  0x0000021a8a2ce460 GCTaskThread "GC Thread#0" [stack: 0x00000059e9900000,0x00000059e9a00000] [id=20588]
  0x0000021a8a2df9e0 ConcurrentGCThread "G1 Main Marker" [stack: 0x00000059e9a00000,0x00000059e9b00000] [id=25228]
  0x0000021a8a2e03f0 ConcurrentGCThread "G1 Conc#0" [stack: 0x00000059e9b00000,0x00000059e9c00000] [id=9284]

[error occurred during error reporting (printing all threads), id 0xc0000005, EXCEPTION_ACCESS_VIOLATION (0xc0000005) at pc=0x00007ffaf851e587]

VM state: not at safepoint (not fully initialized)

VM Mutex/Monitor currently owned by a thread:  ([mutex/lock_event])
[0x0000021a8a25d9f0] Heap_lock - owner thread: 0x0000021a8a2602e0

Heap address: 0x0000000701600000, size: 4074 MB, Compressed Oops mode: Zero based, Oop shift amount: 3

CDS archive(s) mapped at: [0x0000000000000000-0x0000000000000000-0x0000000000000000), size 0, SharedBaseAddress: 0x0000000800000000, ArchiveRelocationMode: 1.
Narrow klass base: 0x0000000000000000, Narrow klass shift: 0, Narrow klass range: 0x0

GC Precious Log:
<Empty>

Heap:
 garbage-first heap   total 0K, used 0K [0x0000000701600000, 0x0000000800000000)
  region size 2048K, 0 young (0K), 0 survivors (0K)

[error occurred during error reporting (printing heap information), id 0xc0000005, EXCEPTION_ACCESS_VIOLATION (0xc0000005) at pc=0x00007ffaf8902699]

GC Heap History (0 events):
No events

Dll operation events (1 events):
Event: 0.003 Loaded shared library C:\Users\Gabriel Nascimento\.p2\pool\plugins\org.eclipse.justj.openjdk.hotspot.jre.full.win32.x86_64_17.0.8.v20230831-1047\jre\bin\java.dll

Deoptimization events (0 events):
No events

Classes unloaded (0 events):
No events

Classes redefined (0 events):
No events

Internal exceptions (0 events):
No events

VM Operations (0 events):
No events

Events (0 events):
No events


Dynamic libraries:
0x00007ff7595b0000 - 0x00007ff7595be000 	C:\Users\Gabriel Nascimento\.p2\pool\plugins\org.eclipse.justj.openjdk.hotspot.jre.full.win32.x86_64_17.0.8.v20230831-1047\jre\bin\javaw.exe
0x00007ffb53f10000 - 0x00007ffb54108000 	C:\Windows\SYSTEM32\ntdll.dll
0x00007ffb53900000 - 0x00007ffb539bd000 	C:\Windows\System32\KERNEL32.DLL
0x00007ffb518f0000 - 0x00007ffb51be6000 	C:\Windows\System32\KERNELBASE.dll
0x00007ffb51db0000 - 0x00007ffb51eb0000 	C:\Windows\System32\ucrtbase.dll
0x00007ffb47060000 - 0x00007ffb47077000 	C:\Users\Gabriel Nascimento\.p2\pool\plugins\org.eclipse.justj.openjdk.hotspot.jre.full.win32.x86_64_17.0.8.v20230831-1047\jre\bin\jli.dll
0x00007ffb46600000 - 0x00007ffb46619000 	C:\Users\Gabriel Nascimento\.p2\pool\plugins\org.eclipse.justj.openjdk.hotspot.jre.full.win32.x86_64_17.0.8.v20230831-1047\jre\bin\VCRUNTIME140.dll
0x00007ffb53a60000 - 0x00007ffb53bfe000 	C:\Windows\System32\USER32.dll
0x00007ffb51710000 - 0x00007ffb51732000 	C:\Windows\System32\win32u.dll
0x00007ffb52d90000 - 0x00007ffb52dbb000 	C:\Windows\System32\GDI32.dll
0x00007ffb44dd0000 - 0x00007ffb4506a000 	C:\Windows\WinSxS\amd64_microsoft.windows.common-controls_6595b64144ccf1df_6.0.19041.3636_none_60b6a03d71f818d5\COMCTL32.dll
0x00007ffb51c90000 - 0x00007ffb51da7000 	C:\Windows\System32\gdi32full.dll
0x00007ffb53110000 - 0x00007ffb531ae000 	C:\Windows\System32\msvcrt.dll
0x00007ffb51eb0000 - 0x00007ffb51f4d000 	C:\Windows\System32\msvcp_win.dll
0x00007ffb52840000 - 0x00007ffb52872000 	C:\Windows\System32\IMM32.DLL
0x00007ffb4a1d0000 - 0x00007ffb4a1dc000 	C:\Users\Gabriel Nascimento\.p2\pool\plugins\org.eclipse.justj.openjdk.hotspot.jre.full.win32.x86_64_17.0.8.v20230831-1047\jre\bin\vcruntime140_1.dll
0x00007ffb33ac0000 - 0x00007ffb33b51000 	C:\Users\Gabriel Nascimento\.p2\pool\plugins\org.eclipse.justj.openjdk.hotspot.jre.full.win32.x86_64_17.0.8.v20230831-1047\jre\bin\msvcp140.dll
0x00007ffaf8230000 - 0x00007ffaf8e7c000 	C:\Users\Gabriel Nascimento\.p2\pool\plugins\org.eclipse.justj.openjdk.hotspot.jre.full.win32.x86_64_17.0.8.v20230831-1047\jre\bin\server\jvm.dll
0x00007ffb53db0000 - 0x00007ffb53e63000 	C:\Windows\System32\ADVAPI32.dll
0x00007ffb539c0000 - 0x00007ffb53a5f000 	C:\Windows\System32\sechost.dll
0x00007ffb52dc0000 - 0x00007ffb52ee6000 	C:\Windows\System32\RPCRT4.dll
0x00007ffb51c60000 - 0x00007ffb51c87000 	C:\Windows\System32\bcrypt.dll
0x00007ffb38260000 - 0x00007ffb38269000 	C:\Windows\SYSTEM32\WSOCK32.dll
0x00007ffb50b20000 - 0x00007ffb50b6b000 	C:\Windows\SYSTEM32\POWRPROF.dll
0x00007ffb46d70000 - 0x00007ffb46d97000 	C:\Windows\SYSTEM32\WINMM.dll
0x00007ffb52ef0000 - 0x00007ffb52f5b000 	C:\Windows\System32\WS2_32.dll
0x00007ffb4c530000 - 0x00007ffb4c53a000 	C:\Windows\SYSTEM32\VERSION.dll
0x00007ffb509e0000 - 0x00007ffb509f2000 	C:\Windows\SYSTEM32\UMPDC.dll
0x00007ffb4f4a0000 - 0x00007ffb4f4b2000 	C:\Windows\SYSTEM32\kernel.appcore.dll
0x00007ffb470d0000 - 0x00007ffb470da000 	C:\Users\Gabriel Nascimento\.p2\pool\plugins\org.eclipse.justj.openjdk.hotspot.jre.full.win32.x86_64_17.0.8.v20230831-1047\jre\bin\jimage.dll
0x00007ffb45520000 - 0x00007ffb45704000 	C:\Windows\SYSTEM32\DBGHELP.DLL
0x00007ffb39560000 - 0x00007ffb39594000 	C:\Windows\SYSTEM32\dbgcore.DLL
0x00007ffb51680000 - 0x00007ffb51702000 	C:\Windows\System32\bcryptPrimitives.dll
0x00007ffb462f0000 - 0x00007ffb46315000 	C:\Users\Gabriel Nascimento\.p2\pool\plugins\org.eclipse.justj.openjdk.hotspot.jre.full.win32.x86_64_17.0.8.v20230831-1047\jre\bin\java.dll

dbghelp: loaded successfully - version: 4.0.5 - missing functions: none
symbol engine: initialized successfully - sym options: 0x614 - pdb path: .;C:\Users\Gabriel Nascimento\.p2\pool\plugins\org.eclipse.justj.openjdk.hotspot.jre.full.win32.x86_64_17.0.8.v20230831-1047\jre\bin;C:\Windows\SYSTEM32;C:\Windows\WinSxS\amd64_microsoft.windows.common-controls_6595b64144ccf1df_6.0.19041.3636_none_60b6a03d71f818d5;C:\Users\Gabriel Nascimento\.p2\pool\plugins\org.eclipse.justj.openjdk.hotspot.jre.full.win32.x86_64_17.0.8.v20230831-1047\jre\bin\server

VM Arguments:
jvm_args: -Dfile.encoding=UTF-8 -XX:+ShowCodeDetailsInExceptionMessages 
java_command: conta.Menu
java_class_path (initial): C:\Development\projetos\projetos_github\contabancaria\contabancaria\bin
Launcher Type: SUN_STANDARD

[Global flags]
     intx CICompilerCount                          = 12                                        {product} {ergonomic}
     uint ConcGCThreads                            = 3                                         {product} {ergonomic}
     uint G1ConcRefinementThreads                  = 13                                        {product} {ergonomic}
   size_t G1HeapRegionSize                         = 2097152                                   {product} {ergonomic}
    uintx GCDrainStackTargetSize                   = 64                                        {product} {ergonomic}
   size_t InitialHeapSize                          = 268435456                                 {product} {ergonomic}
   size_t MarkStackSize                            = 4194304                                   {product} {ergonomic}
   size_t MaxHeapSize                              = 4271898624                                {product} {ergonomic}
   size_t MinHeapDeltaBytes                        = 2097152                                   {product} {ergonomic}
   size_t MinHeapSize                              = 8388608                                   {product} {ergonomic}
    uintx NonNMethodCodeHeapSize                   = 7602480                                {pd product} {ergonomic}
    uintx NonProfiledCodeHeapSize                  = 122027880                              {pd product} {ergonomic}
    uintx ProfiledCodeHeapSize                     = 122027880                              {pd product} {ergonomic}
    uintx ReservedCodeCacheSize                    = 251658240                              {pd product} {ergonomic}
     bool SegmentedCodeCache                       = true                                      {product} {ergonomic}
     bool ShowCodeDetailsInExceptionMessages       = true                                   {manageable} {command line}
   size_t SoftMaxHeapSize                          = 4271898624                             {manageable} {ergonomic}
     bool UseCompressedClassPointers               = true                           {product lp64_product} {ergonomic}
     bool UseCompressedOops                        = true                           {product lp64_product} {ergonomic}
     bool UseG1GC                                  = true                                      {product} {ergonomic}
     bool UseLargePagesIndividualAllocation        = false                                  {pd product} {ergonomic}

Logging:
Log output configuration:
 #0: stdout all=warning uptime,level,tags
 #1: stderr all=off uptime,level,tags

Environment Variables:
JAVA_HOME=C:\Development\java\Tools\JAVA_VERSION\JAVA_17_GEBR
PATH=C:/Users/Gabriel Nascimento/.p2/pool/plugins/org.eclipse.justj.openjdk.hotspot.jre.full.win32.x86_64_17.0.8.v20230831-1047/jre/bin/server;C:/Users/Gabriel Nascimento/.p2/pool/plugins/org.eclipse.justj.openjdk.hotspot.jre.full.win32.x86_64_17.0.8.v20230831-1047/jre/bin;C:\development_softwares\database_softwares\dbhomeXE\bin;C:\Development\java\Tools\JAVA_VERSION\JAVA_17_GEBR\jdk-17.0.10\bin;C:\Windows\system32;C:\Windows;C:\Windows\System32\Wbem;C:\Windows\System32\WindowsPowerShell\v1.0\;C:\Windows\System32\OpenSSH\;C:\Program Files (x86)\NVIDIA Corporation\PhysX\Common;C:\Program Files\dotnet\;C:\Users\Gabriel Nascimento\AppData\Roaming\nvm;C:\Program Files\nodejs;C:\Development\java\Tools\JAVA_VERSION\JAVA_17_GEBR\bin;C:\Development\java\Tools\MAVEN\apache-maven-3.9.4\bin;C:\Program Files\Calibre2\;C:\Program Files\nodejs\;C:\Program Files\Git\cmd;C:\ProgramData\UNIVALI\Portugol Studio;C:\Program Files\MySQL\MySQL Server 8.0\bin;C:\Program Files\PowerShell\7\;C:\Program Files\PowerShell\7-preview\preview;C:\Users\Gabriel Nascimento\AppData\Local\Programs\Python\Python312\Scripts\;C:\Users\Gabriel Nascimento\AppData\Local\Programs\Python\Python312\;C:\Users\Gabriel Nascimento\AppData\Local\Microsoft\WindowsApps;C:\Users\Gabriel Nascimento\AppData\Local\Programs\Microsoft VS Code\bin;C:\Users\Gabriel Nascimento\AppData\Local\GitHubDesktop\bin;C:\Users\Gabriel Nascimento\AppData\Roaming\nvm;C:\Program Files\nodejs;C:\Users\Gabriel Nascimento\AppData\Roaming\npm;C:\Windows\System32;
USERNAME=Gabriel Nascimento
OS=Windows_NT
PROCESSOR_IDENTIFIER=AMD64 Family 25 Model 33 Stepping 2, AuthenticAMD
TMP=C:\Users\GABRIE~1\AppData\Local\Temp
TEMP=C:\Users\GABRIE~1\AppData\Local\Temp



---------------  S Y S T E M  ---------------

OS:
 Windows 10 , 64 bit Build 19041 (10.0.19041.3636)
OS uptime: 4 days 5:13 hours

CPU: total 16 (initial active 16) (16 cores per cpu, 2 threads per core) family 25 model 33 stepping 2 microcode 0x0, cx8, cmov, fxsr, ht, mmx, 3dnowpref, sse, sse2, sse3, ssse3, sse4a, sse4.1, sse4.2, popcnt, lzcnt, tsc, tscinvbit, avx, avx2, aes, erms, clmul, bmi1, bmi2, adx, sha, fma, vzeroupper, clflush, clflushopt
Processor Information for all 16 processors :
  Max Mhz: 3401, Current Mhz: 3401, Mhz Limit: 3401

Memory: 4k page, system-wide physical 16294M (8672M free)
TotalPageFile size 18339M (AvailPageFile size 228M)
current process WorkingSet (physical memory assigned to process): 10M, peak: 10M
current process commit charge ("private bytes"): 70M, peak: 326M

vm_info: OpenJDK 64-Bit Server VM (17.0.8.1+1) for windows-amd64 JRE (17.0.8.1+1), built on Aug 23 2023 15:29:17 by "admin" with MS VC++ 16.7 (VS2019)

END.
